<?xml version="1.0" encoding="UTF-8"?>
<!-- Generated by org.testng.reporters.JUnitReportReporter -->
<testsuite skipped="0" hostname="system" name="GetEmployee" tests="4" failures="0" timestamp="2021-08-14T12:45:28 IST" time="1.412" errors="0">
  <testcase name="getemployeedetails" time="1.371" classname="GetEmployee"/>
  <system-out/>
  <testcase name="checkResponseBody" time="0.034" classname="GetEmployee"/>
  <system-out/>
  <testcase name="statusLine" time="0.003" classname="GetEmployee"/>
  <system-out/>
  <testcase name="statusCode" time="0.004" classname="GetEmployee"/>
  <system-out/>
</testsuite> <!-- GetEmployee -->
